<?xml version="1.0" encoding="UTF-8"?>
<testng-results skipped="0" failed="0" ignored="0" total="1" passed="1">
  <reporter-output>
  </reporter-output>
  <suite name="Default suite" duration-ms="3216" started-at="2020-12-15T18:57:58 EST" finished-at="2020-12-15T18:58:01 EST">
    <groups>
    </groups>
    <test name="Default test" duration-ms="3216" started-at="2020-12-15T18:57:58 EST" finished-at="2020-12-15T18:58:01 EST">
      <class name="com.qa.NotificationMessage.NotificationMessage">
        <test-method status="PASS" signature="setUp()[pri:0, instance:com.qa.NotificationMessage.NotificationMessage@2d6eabae]" name="setUp" is-config="true" duration-ms="2716" started-at="2020-12-15T18:57:58 EST" finished-at="2020-12-15T18:58:01 EST">
          <reporter-output>
          </reporter-output>
        </test-method> <!-- setUp -->
        <test-method status="PASS" signature="notificationMessageTest()[pri:0, instance:com.qa.NotificationMessage.NotificationMessage@2d6eabae]" name="notificationMessageTest" duration-ms="373" started-at="2020-12-15T18:58:01 EST" finished-at="2020-12-15T18:58:01 EST">
          <reporter-output>
          </reporter-output>
        </test-method> <!-- notificationMessageTest -->
        <test-method status="PASS" signature="tearDown()[pri:0, instance:com.qa.NotificationMessage.NotificationMessage@2d6eabae]" name="tearDown" is-config="true" duration-ms="94" started-at="2020-12-15T18:58:01 EST" finished-at="2020-12-15T18:58:01 EST">
          <reporter-output>
          </reporter-output>
        </test-method> <!-- tearDown -->
      </class> <!-- com.qa.NotificationMessage.NotificationMessage -->
    </test> <!-- Default test -->
  </suite> <!-- Default suite -->
</testng-results>
